[debug] [2023-08-04T18:00:06.035Z] ----------------------------------------------------------------------
[debug] [2023-08-04T18:00:06.038Z] Command:       C:\Program Files\nodejs\node.exe C:\Users\kalya\AppData\Roaming\npm\node_modules\firebase-tools\lib\bin\firebase.js init
[debug] [2023-08-04T18:00:06.038Z] CLI Version:   12.4.7
[debug] [2023-08-04T18:00:06.038Z] Platform:      win32
[debug] [2023-08-04T18:00:06.038Z] Node Version:  v18.12.1
[debug] [2023-08-04T18:00:06.039Z] Time:          Fri Aug 04 2023 23:30:06 GMT+0530 (India Standard Time)
[debug] [2023-08-04T18:00:06.039Z] ----------------------------------------------------------------------
[debug] 
[debug] [2023-08-04T18:00:06.045Z] > command requires scopes: ["email","openid","https://www.googleapis.com/auth/cloudplatformprojects.readonly","https://www.googleapis.com/auth/firebase","https://www.googleapis.com/auth/cloud-platform"]
[debug] [2023-08-04T18:00:06.046Z] > authorizing via signed-in user (kalyanasundaramthivaharan@gmail.com)
[info] 
     ######## #### ########  ######## ########     ###     ######  ########
     ##        ##  ##     ## ##       ##     ##  ##   ##  ##       ##
     ######    ##  ########  ######   ########  #########  ######  ######
     ##        ##  ##    ##  ##       ##     ## ##     ##       ## ##
     ##       #### ##     ## ######## ########  ##     ##  ######  ########

You're about to initialize a Firebase project in this directory:

  C:\Users\kalya\Desktop\firebaseproject

[info] 
=== Project Setup
[info] 
[info] First, let's associate this project directory with a Firebase project.
[info] You can create multiple project aliases by running firebase use --add, 
[info] but for now we'll just set up a default project.
[info] 
[debug] [2023-08-04T18:01:17.779Z] >>> [apiv2][query] GET https://firebase.googleapis.com/v1beta1/projects pageSize=100
[debug] [2023-08-04T18:01:19.074Z] <<< [apiv2][status] GET https://firebase.googleapis.com/v1beta1/projects 200
[debug] [2023-08-04T18:01:19.074Z] <<< [apiv2][body] GET https://firebase.googleapis.com/v1beta1/projects [omitted]
[info] i  Using project react-firebase-6e4c4 (react-firebase) 
[info] 
=== Hosting Setup
[info] 
[info] Your public directory is the folder (relative to your project directory) that
[info] will contain Hosting assets to be uploaded with firebase deploy. If you
[info] have a build process for your assets, use your build's output directory.
[info] 
[info] +  Wrote public/404.html 
[debug] [2023-08-04T18:02:39.929Z] >>> [apiv2][query] GET https://www.gstatic.com/firebasejs/releases.json [none]
[debug] [2023-08-04T18:02:40.283Z] <<< [apiv2][status] GET https://www.gstatic.com/firebasejs/releases.json 200
[debug] [2023-08-04T18:02:40.283Z] <<< [apiv2][body] GET https://www.gstatic.com/firebasejs/releases.json {"current":{"version":"10.1.0","browserURL":"https://www.gstatic.com/firebasejs/10.1.0/firebase.js","packageURL":"https://www.gstatic.com/firebasejs/10.1.0/firebase.tgz"},"live":{"version":"10.1","browserURL":"https://www.gstatic.com/firebasejs/live/10.1/firebase.js","packageURL":"https://www.gstatic.com/firebasejs/live/10.1/firebase.tgz"},"components":{"analytics":"https://www.gstatic.com/firebasejs/10.1.0/firebase-analytics.js","app":"https://www.gstatic.com/firebasejs/10.1.0/firebase-app.js","app-check":"https://www.gstatic.com/firebasejs/10.1.0/firebase-app-check.js","auth":"https://www.gstatic.com/firebasejs/10.1.0/firebase-auth.js","auth/cordova":"https://www.gstatic.com/firebasejs/10.1.0/firebase-auth/cordova.js","functions":"https://www.gstatic.com/firebasejs/10.1.0/firebase-functions.js","firestore":"https://www.gstatic.com/firebasejs/10.1.0/firebase-firestore.js","firestore/lite":"https://www.gstatic.com/firebasejs/10.1.0/firebase-firestore/lite.js","installations":"https://www.gstatic.com/firebasejs/10.1.0/firebase-installations.js","storage":"https://www.gstatic.com/firebasejs/10.1.0/firebase-storage.js","performance":"https://www.gstatic.com/firebasejs/10.1.0/firebase-performance.js","remote-config":"https://www.gstatic.com/firebasejs/10.1.0/firebase-remote-config.js","messaging":"https://www.gstatic.com/firebasejs/10.1.0/firebase-messaging.js","messaging/sw":"https://www.gstatic.com/firebasejs/10.1.0/firebase-messaging/sw.js","database":"https://www.gstatic.com/firebasejs/10.1.0/firebase-database.js","firestore.memory":"https://www.gstatic.com/firebasejs/10.1.0/firebase-firestore.memory.js"}}
[info] i  Skipping write of public/index.html 
[info] 
[info] i  Detected a .git folder at C:\Users\kalya\Desktop\firebaseproject 
[info] i  Authorizing with GitHub to upload your service account to a GitHub repository's secrets store. 
[info] 
[info] Visit this URL on this device to log in:
[info] https://github.com/login/oauth/authorize?client_id=89cf50f02ac6aaed3484&state=277607425&redirect_uri=http%3A%2F%2Flocalhost%3A9005&scope=read%3Auser%20repo%20public_repo
[info] 
[info] Waiting for authentication...
[debug] [2023-08-04T18:03:19.714Z] >>> [apiv2][query] POST https://github.com/login/oauth/access_token [none]
[debug] [2023-08-04T18:03:19.714Z] >>> [apiv2][body] POST https://github.com/login/oauth/access_token [stream]
[debug] [2023-08-04T18:03:20.593Z] <<< [apiv2][status] POST https://github.com/login/oauth/access_token 200
[debug] [2023-08-04T18:03:20.593Z] <<< [apiv2][body] POST https://github.com/login/oauth/access_token {"access_token":"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","token_type":"bearer","scope":"read:user,repo"}
[debug] [2023-08-04T18:03:20.737Z] >>> [apiv2][query] GET https://api.github.com/user [none]
[debug] [2023-08-04T18:03:21.472Z] <<< [apiv2][status] GET https://api.github.com/user 200
[debug] [2023-08-04T18:03:21.472Z] <<< [apiv2][body] GET https://api.github.com/user {"login":"thiva-k","id":114133267,"node_id":"U_kgDOBs2JEw","avatar_url":"https://avatars.githubusercontent.com/u/114133267?v=4","gravatar_id":"","url":"https://api.github.com/users/thiva-k","html_url":"https://github.com/thiva-k","followers_url":"https://api.github.com/users/thiva-k/followers","following_url":"https://api.github.com/users/thiva-k/following{/other_user}","gists_url":"https://api.github.com/users/thiva-k/gists{/gist_id}","starred_url":"https://api.github.com/users/thiva-k/starred{/owner}{/repo}","subscriptions_url":"https://api.github.com/users/thiva-k/subscriptions","organizations_url":"https://api.github.com/users/thiva-k/orgs","repos_url":"https://api.github.com/users/thiva-k/repos","events_url":"https://api.github.com/users/thiva-k/events{/privacy}","received_events_url":"https://api.github.com/users/thiva-k/received_events","type":"User","site_admin":false,"name":"THIVAHARAN K","company":null,"blog":"","location":null,"email":null,"hireable":null,"bio":"Undergraduate at the Dept. of Computer Science and Engineering at University of Moratuwa","twitter_username":null,"public_repos":2,"public_gists":0,"followers":0,"following":0,"created_at":"2022-09-22T06:00:55Z","updated_at":"2023-08-04T06:34:51Z","private_gists":0,"total_private_repos":4,"owned_private_repos":4,"disk_usage":11862,"collaborators":0,"two_factor_authentication":false,"plan":{"name":"free","space":976562499,"collaborators":0,"private_repos":10000}}
[info] 
[info] +  Success! Logged into GitHub as thiva-k 
[info] 
